{
  "stats": {
    "suites": 1,
    "tests": 1,
    "passes": 1,
    "pending": 0,
    "failures": 0,
    "start": "2022-11-11T04:03:11.379Z",
    "end": "2022-11-11T04:03:11.672Z",
    "duration": 293,
    "testsRegistered": 1,
    "passPercent": 100,
    "pendingPercent": 0,
    "other": 0,
    "hasOther": false,
    "skipped": 0,
    "hasSkipped": false
  },
  "results": [
    {
      "uuid": "94d570b8-64da-4429-8118-0a05cc90b3f8",
      "title": "",
      "fullFile": "/Users/user/belajar-javascript/get-auth.js",
      "file": "/get-auth.js",
      "beforeHooks": [],
      "afterHooks": [],
      "tests": [],
      "suites": [
        {
          "uuid": "88ea7f41-f531-4ee8-8314-a84f64daa845",
          "title": "GET /users",
          "fullFile": "/Users/user/belajar-javascript/get-auth.js",
          "file": "/get-auth.js",
          "beforeHooks": [],
          "afterHooks": [],
          "tests": [
            {
              "title": "returns all users",
              "fullTitle": "GET /users returns all users",
              "timedOut": false,
              "duration": 290,
              "state": "passed",
              "speed": "slow",
              "pass": true,
              "fail": false,
              "pending": false,
              "context": null,
              "code": "const respone = await request\n.get(\"/users\")\n.set({ Authorization: \"Bearer 5a245cbb-1b29-4b0f-9cb6-1914c5ff94e0\" })\nexpect(respone.status).to.eql(200)\nconsole.log(respone.body)",
              "err": {},
              "uuid": "9a01a0db-47e7-444d-b51e-b2a11cd58fbc",
              "parentUUID": "88ea7f41-f531-4ee8-8314-a84f64daa845",
              "isHook": false,
              "skipped": false
            }
          ],
          "suites": [],
          "passes": [
            "9a01a0db-47e7-444d-b51e-b2a11cd58fbc"
          ],
          "failures": [],
          "pending": [],
          "skipped": [],
          "duration": 290,
          "root": false,
          "rootEmpty": false,
          "_timeout": 2000
        }
      ],
      "passes": [],
      "failures": [],
      "pending": [],
      "skipped": [],
      "duration": 0,
      "root": true,
      "rootEmpty": true,
      "_timeout": 2000
    }
  ],
  "meta": {
    "mocha": {
      "version": "10.1.0"
    },
    "mochawesome": {
      "options": {
        "quiet": false,
        "reportFilename": "mochawesome",
        "saveHtml": true,
        "saveJson": true,
        "consoleReporter": "spec",
        "useInlineDiffs": false,
        "code": true
      },
      "version": "7.1.3"
    },
    "marge": {
      "options": null,
      "version": "6.2.0"
    }
  }
}